<?xml version="1.0" encoding="utf-8"?><testsuites name="pytest tests"><testsuite name="pytest" errors="0" failures="0" skipped="0" tests="15" time="32.914" timestamp="2026-04-28T05:30:48.625046+00:00" hostname="agent-env-b064618d-3799-4446-8e23-34892940819a"><testcase classname="backend.tests.backend_test.TestTeams" name="test_get_teams_returns_4_active_teams_20_agents" time="0.517" /><testcase classname="backend.tests.backend_test.TestOrchestrateResponseShape" name="test_response_has_new_fields" time="3.864" /><testcase classname="backend.tests.backend_test.TestOrchestrateResponseShape" name="test_agent_run_entries_are_well_formed" time="8.441" /><testcase classname="backend.tests.backend_test.TestOrchestrateResponseShape" name="test_backwards_compat_fields_match_first_run" time="6.170" /><testcase classname="backend.tests.backend_test.TestOrchestrateLLMPlan" name="test_multi_agent_directive_uses_llm_or_falls_back" time="4.572" /><testcase classname="backend.tests.backend_test.TestOrchestrateLLMPlan" name="test_simple_directive_can_be_single" time="2.519" /><testcase classname="backend.tests.backend_test.TestOrchestrateLLMPlan" name="test_steps_log_includes_ceo_handoff_and_agent_chatter" time="4.395" /><testcase classname="backend.tests.backend_test.TestOrchestrateExplicitAgent" name="test_explicit_agent_forces_single_no_llm[frontend_engineer]" time="0.357" /><testcase classname="backend.tests.backend_test.TestOrchestrateExplicitAgent" name="test_explicit_agent_forces_single_no_llm[pm_agent]" time="0.356" /><testcase classname="backend.tests.backend_test.TestOrchestrateExplicitAgent" name="test_explicit_agent_forces_single_no_llm[lead_researcher]" time="0.354" /><testcase classname="backend.tests.backend_test.TestOrchestrateExplicitAgent" name="test_explicit_agent_forces_single_no_llm[negotiator_agent]" time="0.354" /><testcase classname="backend.tests.backend_test.TestOrchestrateExplicitAgent" name="test_explicit_agent_forces_single_no_llm[devops_agent]" time="0.361" /><testcase classname="backend.tests.backend_test.TestOrchestrateExplicitAgent" name="test_invalid_agent_id_returns_404" time="0.058" /><testcase classname="backend.tests.backend_test.TestOrchestrateExplicitAgent" name="test_empty_task_returns_400" time="0.051" /><testcase classname="backend.tests.backend_test.TestOrchestrateExplicitAgent" name="test_whitespace_task_returns_400" time="0.051" /></testsuite></testsuites>